<?xml version="1.0" encoding="utf-8"?><testsuites name="pytest tests"><testsuite name="pytest" errors="0" failures="1" skipped="0" tests="17" time="5.724" timestamp="2026-09-07T03:36:07.598674+00:00" hostname="agent-env-f122fe7c-7e47-4675-830d-d1e524aa2563"><testcase classname="backend.tests.test_fiezel_backend.TestAuth" name="test_teacher_wrong_token_401" time="0.178" /><testcase classname="backend.tests.test_fiezel_backend.TestAuth" name="test_student_token_on_teacher_route_403" time="0.878" /><testcase classname="backend.tests.test_fiezel_backend.TestAuth" name="test_owner_mints_teacher_invite_and_login" time="0.243" /><testcase classname="backend.tests.test_fiezel_backend.TestAuth" name="test_login_bruteforce_lockout" time="2.657"><failure message="AssertionError: [401, 401, 401, 401, 401, 401]&#10;assert 429 in [401, 401, 401, 401, 401, 401]">backend/tests/test_fiezel_backend.py:102: in test_login_bruteforce_lockout
    assert 429 in codes, codes
E   AssertionError: [401, 401, 401, 401, 401, 401]
E   assert 429 in [401, 401, 401, 401, 401, 401]</failure></testcase><testcase classname="backend.tests.test_fiezel_backend.TestAuth" name="test_me_after_register" time="0.071" /><testcase classname="backend.tests.test_fiezel_backend.TestCurriculum" name="test_tree_and_trace" time="0.137" /><testcase classname="backend.tests.test_fiezel_backend.TestCurriculum" name="test_create_node_wrong_parent_type_400" time="0.061" /><testcase classname="backend.tests.test_fiezel_backend.TestCurriculum" name="test_create_node_duplicate_id_400" time="0.067" /><testcase classname="backend.tests.test_fiezel_backend.TestCurriculum" name="test_delete_only_archives" time="0.201" /><testcase classname="backend.tests.test_fiezel_backend.TestCurriculum" name="test_prerequisites_self_loop_rejected" time="0.070" /><testcase classname="backend.tests.test_fiezel_backend.TestQuestions" name="test_import_file_unsupported_format_400" time="0.120" /><testcase classname="backend.tests.test_fiezel_backend.TestQuestions" name="test_publish_blocked_when_errors" time="0.209" /><testcase classname="backend.tests.test_fiezel_backend.TestAssessmentCoverage" name="test_coverage_distinguishes_states" time="0.142" /><testcase classname="backend.tests.test_fiezel_backend.TestAssessmentCoverage" name="test_assessment_analytics_pvalue_and_signals" time="0.148" /><testcase classname="backend.tests.test_fiezel_backend.TestBraincoreAccess" name="test_student_cannot_read_other_passport" time="0.130" /><testcase classname="backend.tests.test_fiezel_backend.TestLearningEvents" name="test_unknown_event_type_400" time="0.066" /><testcase classname="backend.tests.test_fiezel_backend.TestMigration" name="test_legacy_migration_idempotent" time="0.206" /></testsuite></testsuites>